[29-Nov-2024 05:27:23 UTC] Shortcode registered.
[29-Nov-2024 05:27:23 UTC] Shortcode registered.
[29-Nov-2024 05:27:24 UTC] Automatic updates starting...
[29-Nov-2024 05:27:24 UTC] Shortcode registered.
[29-Nov-2024 05:27:25 UTC]   Automatic plugin updates starting...
[29-Nov-2024 05:27:25 UTC]   Automatic plugin updates complete.
[29-Nov-2024 05:27:26 UTC] Automatic updates complete.
[29-Nov-2024 05:27:29 UTC] Shortcode registered.
[29-Nov-2024 05:27:39 UTC] Shortcode registered.
[29-Nov-2024 05:27:39 UTC] Shortcode registered.
[29-Nov-2024 05:27:39 UTC] PHP Warning:  call_user_func_array() expects parameter 1 to be a valid callback, class 'Dash_Datamanage_Public' does not have a method 'plugin_admin_menu' in /var/www/html/wordpress-site/wp-includes/class-wp-hook.php on line 324
[29-Nov-2024 05:27:39 UTC] PHP Notice:  Undefined variable: form_id in /var/www/html/wordpress-site/wp-content/plugins/dash-datamanage/admin/plugin_templates/add-new-form.php on line 225
[29-Nov-2024 05:27:44 UTC] Shortcode registered.
[29-Nov-2024 05:27:44 UTC] PHP Warning:  call_user_func_array() expects parameter 1 to be a valid callback, class 'Dash_Datamanage_Public' does not have a method 'plugin_admin_menu' in /var/www/html/wordpress-site/wp-includes/class-wp-hook.php on line 324
[29-Nov-2024 05:28:45 UTC] Shortcode registered.
[29-Nov-2024 05:29:45 UTC] Shortcode registered.
[29-Nov-2024 05:30:45 UTC] Shortcode registered.
[29-Nov-2024 05:30:45 UTC] Shortcode registered.
[29-Nov-2024 05:31:23 UTC] Shortcode registered.
[29-Nov-2024 05:31:23 UTC] Shortcode was called with attributes: Array
(
    [id] => 18
    [name] => Contact form html test 11
)

[29-Nov-2024 05:31:46 UTC] Shortcode registered.
[29-Nov-2024 05:33:46 UTC] Shortcode registered.
[29-Nov-2024 05:35:46 UTC] Shortcode registered.
[29-Nov-2024 05:37:46 UTC] Shortcode registered.
[29-Nov-2024 05:39:47 UTC] Shortcode registered.
[29-Nov-2024 06:48:16 UTC] Shortcode registered.
[29-Nov-2024 06:48:16 UTC] Shortcode registered.
[29-Nov-2024 06:48:18 UTC] Shortcode registered.
[29-Nov-2024 06:48:18 UTC] Shortcode was called with attributes: Array
(
    [id] => 18
    [name] => Contact form html test 11
)

[29-Nov-2024 06:48:21 UTC] Shortcode registered.
[29-Nov-2024 06:48:59 UTC] Shortcode registered.
[29-Nov-2024 06:48:59 UTC] Shortcode was called with attributes: Array
(
    [id] => 18
    [name] => Contact form html test 11
)

[29-Nov-2024 06:49:06 UTC] Shortcode registered.
[29-Nov-2024 06:49:17 UTC] Shortcode registered.
[29-Nov-2024 06:49:48 UTC] Shortcode registered.
[29-Nov-2024 06:49:48 UTC] Shortcode was called with attributes: Array
(
    [id] => 18
    [name] => Contact form html test 11
)

[29-Nov-2024 06:49:49 UTC] Shortcode registered.
[29-Nov-2024 06:49:49 UTC] Shortcode was called with attributes: Array
(
    [id] => 18
    [name] => Contact form html test 11
)

[29-Nov-2024 06:49:52 UTC] Shortcode registered.
[29-Nov-2024 06:51:18 UTC] Shortcode registered.
[29-Nov-2024 06:53:18 UTC] Shortcode registered.
[29-Nov-2024 06:55:19 UTC] Shortcode registered.
[29-Nov-2024 06:57:19 UTC] Shortcode registered.
[29-Nov-2024 07:32:48 UTC] Shortcode registered.
[29-Nov-2024 07:32:48 UTC] Shortcode registered.
[29-Nov-2024 07:32:48 UTC] Shortcode was called with attributes: Array
(
    [id] => 18
    [name] => Contact form html test 11
)

[29-Nov-2024 07:32:51 UTC] Shortcode registered.
[29-Nov-2024 07:33:07 UTC] Shortcode registered.
[29-Nov-2024 07:33:07 UTC] Shortcode was called with attributes: Array
(
    [id] => 18
    [name] => Contact form html test 11
)

[29-Nov-2024 07:33:09 UTC] Shortcode registered.
[29-Nov-2024 07:33:27 UTC] Shortcode registered.
[29-Nov-2024 07:33:27 UTC] Shortcode was called with attributes: Array
(
    [id] => 18
    [name] => Contact form html test 11
)

[29-Nov-2024 07:33:32 UTC] Shortcode registered.
[29-Nov-2024 07:33:47 UTC] Shortcode registered.
[29-Nov-2024 07:33:47 UTC] Shortcode was called with attributes: Array
(
    [id] => 18
    [name] => Contact form html test 11
)

[29-Nov-2024 07:33:50 UTC] Shortcode registered.
[29-Nov-2024 11:17:05 UTC] Shortcode registered.
[29-Nov-2024 11:17:05 UTC] Shortcode registered.
[29-Nov-2024 11:18:06 UTC] Shortcode registered.
[29-Nov-2024 11:20:07 UTC] Shortcode registered.
[29-Nov-2024 11:22:08 UTC] Shortcode registered.
[29-Nov-2024 11:24:09 UTC] Shortcode registered.
[29-Nov-2024 11:26:10 UTC] Shortcode registered.
[29-Nov-2024 11:39:01 UTC] Shortcode registered.
[29-Nov-2024 11:39:01 UTC] Shortcode registered.
[29-Nov-2024 11:41:02 UTC] Shortcode registered.
[29-Nov-2024 11:43:02 UTC] Shortcode registered.
[29-Nov-2024 11:45:02 UTC] Shortcode registered.
[29-Nov-2024 11:47:03 UTC] Shortcode registered.
[29-Nov-2024 11:49:04 UTC] Shortcode registered.
[09-Dec-2024 05:49:11 UTC] Shortcode registered.
[09-Dec-2024 05:49:11 UTC] Shortcode registered.
[09-Dec-2024 05:49:12 UTC] Automatic updates starting...
[09-Dec-2024 05:49:12 UTC] Shortcode registered.
[09-Dec-2024 05:49:13 UTC]   Automatic plugin updates starting...
[09-Dec-2024 05:49:13 UTC]   Automatic plugin updates complete.
[09-Dec-2024 05:49:14 UTC] Automatic updates complete.
[09-Dec-2024 05:49:20 UTC] Shortcode registered.
[09-Dec-2024 05:49:20 UTC] Shortcode registered.
[09-Dec-2024 05:49:20 UTC] PHP Warning:  call_user_func_array() expects parameter 1 to be a valid callback, class 'Dash_Datamanage_Public' does not have a method 'plugin_admin_menu' in /var/www/html/wordpress-site/wp-includes/class-wp-hook.php on line 324
[09-Dec-2024 05:49:20 UTC] PHP Notice:  Undefined variable: form_id in /var/www/html/wordpress-site/wp-content/plugins/dash-datamanage/admin/plugin_templates/add-new-form.php on line 225
[09-Dec-2024 05:49:20 UTC] Shortcode registered.
[09-Dec-2024 05:49:20 UTC] Shortcode was called with attributes: Array
(
    [id] => 18
    [name] => Contact form html test 11
)

[09-Dec-2024 05:49:20 UTC] Shortcode registered.
[09-Dec-2024 05:49:20 UTC] Shortcode was called with attributes: Array
(
    [id] => 18
    [name] => Contact form html test 11
)

[09-Dec-2024 05:49:20 UTC] Shortcode registered.
[09-Dec-2024 05:49:20 UTC] Shortcode was called with attributes: Array
(
    [id] => 18
    [name] => Contact form html test 11
)

[09-Dec-2024 05:49:32 UTC] Shortcode registered.
[09-Dec-2024 05:49:32 UTC] PHP Warning:  call_user_func_array() expects parameter 1 to be a valid callback, class 'Dash_Datamanage_Public' does not have a method 'plugin_admin_menu' in /var/www/html/wordpress-site/wp-includes/class-wp-hook.php on line 324
[09-Dec-2024 05:49:37 UTC] Shortcode registered.
[09-Dec-2024 05:49:37 UTC] Shortcode was called with attributes: Array
(
    [id] => 18
    [name] => Contact form html test 11
)

[09-Dec-2024 05:50:32 UTC] Shortcode registered.
[09-Dec-2024 05:51:32 UTC] Shortcode registered.
[09-Dec-2024 05:52:32 UTC] Shortcode registered.
[09-Dec-2024 05:52:40 UTC] Shortcode registered.
[09-Dec-2024 05:52:40 UTC] PHP Warning:  call_user_func_array() expects parameter 1 to be a valid callback, class 'Dash_Datamanage_Public' does not have a method 'plugin_admin_menu' in /var/www/html/wordpress-site/wp-includes/class-wp-hook.php on line 324
[09-Dec-2024 05:52:42 UTC] Shortcode registered.
[09-Dec-2024 05:52:42 UTC] PHP Warning:  call_user_func_array() expects parameter 1 to be a valid callback, class 'Dash_Datamanage_Public' does not have a method 'plugin_admin_menu' in /var/www/html/wordpress-site/wp-includes/class-wp-hook.php on line 324
[09-Dec-2024 05:53:43 UTC] Shortcode registered.
[09-Dec-2024 05:55:44 UTC] Shortcode registered.
[09-Dec-2024 05:57:45 UTC] Shortcode registered.
[09-Dec-2024 05:59:46 UTC] Shortcode registered.
[09-Dec-2024 06:01:47 UTC] Shortcode registered.
[09-Dec-2024 06:03:48 UTC] Shortcode registered.
[09-Dec-2024 06:05:49 UTC] Shortcode registered.
[09-Dec-2024 06:07:50 UTC] Shortcode registered.
[09-Dec-2024 06:09:51 UTC] Shortcode registered.
[09-Dec-2024 06:11:52 UTC] Shortcode registered.
[09-Dec-2024 06:13:53 UTC] Shortcode registered.
[09-Dec-2024 06:15:54 UTC] Shortcode registered.
[09-Dec-2024 06:17:55 UTC] Shortcode registered.
[09-Dec-2024 06:18:12 UTC] Shortcode registered.
[09-Dec-2024 06:18:12 UTC] Shortcode was called with attributes: Array
(
    [id] => 18
    [name] => Contact form html test 11
)

[09-Dec-2024 06:18:16 UTC] Shortcode registered.
[09-Dec-2024 06:19:56 UTC] Shortcode registered.
[09-Dec-2024 06:21:57 UTC] Shortcode registered.
[09-Dec-2024 06:23:58 UTC] Shortcode registered.
[09-Dec-2024 06:25:59 UTC] Shortcode registered.
[09-Dec-2024 06:28:00 UTC] Shortcode registered.
[09-Dec-2024 06:30:01 UTC] Shortcode registered.
[09-Dec-2024 06:32:02 UTC] Shortcode registered.
[09-Dec-2024 06:32:02 UTC] Shortcode registered.
[09-Dec-2024 06:34:03 UTC] Shortcode registered.
[09-Dec-2024 06:36:04 UTC] Shortcode registered.
[09-Dec-2024 06:37:04 UTC] Shortcode registered.
[09-Dec-2024 06:38:04 UTC] Shortcode registered.
[09-Dec-2024 06:39:04 UTC] Shortcode registered.
[09-Dec-2024 06:40:04 UTC] Shortcode registered.
[09-Dec-2024 06:41:04 UTC] Shortcode registered.
[09-Dec-2024 06:42:04 UTC] Shortcode registered.
[09-Dec-2024 06:43:05 UTC] Shortcode registered.
[09-Dec-2024 06:45:06 UTC] Shortcode registered.
[09-Dec-2024 06:45:35 UTC] Shortcode registered.
[09-Dec-2024 06:45:36 UTC] Shortcode was called with attributes: Array
(
    [id] => 18
    [name] => Contact form html test 11
)

[09-Dec-2024 06:45:38 UTC] Shortcode registered.
[09-Dec-2024 06:45:38 UTC] PHP Notice:  Undefined index: post_id in /var/www/html/wordpress-site/wp-content/plugins/dash-datamanage/public/class-dash-datamanage-public.php on line 126
[09-Dec-2024 06:45:48 UTC] Shortcode registered.
[09-Dec-2024 06:45:48 UTC] Shortcode was called with attributes: Array
(
    [id] => 18
    [name] => Contact form html test 11
)

[09-Dec-2024 06:45:50 UTC] Shortcode registered.
[09-Dec-2024 06:45:50 UTC] PHP Notice:  Undefined index: post_id in /var/www/html/wordpress-site/wp-content/plugins/dash-datamanage/public/class-dash-datamanage-public.php on line 126
[09-Dec-2024 06:45:54 UTC] Shortcode registered.
[09-Dec-2024 06:45:54 UTC] Shortcode was called with attributes: Array
(
    [id] => 18
    [name] => Contact form html test 11
)

[09-Dec-2024 06:46:07 UTC] Shortcode registered.
[09-Dec-2024 06:46:08 UTC] Shortcode registered.
[09-Dec-2024 06:46:08 UTC] Shortcode was called with attributes: Array
(
    [id] => 18
    [name] => Contact form html test 11
)

[09-Dec-2024 06:46:12 UTC] Shortcode registered.
[09-Dec-2024 06:46:12 UTC] PHP Notice:  Undefined index: post_id in /var/www/html/wordpress-site/wp-content/plugins/dash-datamanage/public/class-dash-datamanage-public.php on line 126
[09-Dec-2024 06:47:20 UTC] Shortcode registered.
[09-Dec-2024 06:47:20 UTC] Shortcode was called with attributes: Array
(
    [id] => 18
    [name] => Contact form html test 11
)

[09-Dec-2024 06:47:23 UTC] Shortcode registered.
[09-Dec-2024 06:47:25 UTC] Shortcode registered.
[09-Dec-2024 06:47:25 UTC] Shortcode was called with attributes: Array
(
    [id] => 18
    [name] => Contact form html test 11
)

[09-Dec-2024 06:48:08 UTC] Shortcode registered.
[09-Dec-2024 06:48:31 UTC] Shortcode registered.
[09-Dec-2024 06:48:31 UTC] Shortcode was called with attributes: Array
(
    [id] => 18
    [name] => Contact form html test 11
)

[09-Dec-2024 06:49:00 UTC] Shortcode registered.
[09-Dec-2024 06:49:34 UTC] Shortcode registered.
[09-Dec-2024 06:49:34 UTC] Shortcode was called with attributes: Array
(
    [id] => 18
    [name] => Contact form html test 11
)

[09-Dec-2024 06:49:51 UTC] Shortcode registered.
[09-Dec-2024 06:50:09 UTC] Shortcode registered.
[09-Dec-2024 06:52:10 UTC] Shortcode registered.
[09-Dec-2024 06:52:37 UTC] Shortcode registered.
[09-Dec-2024 06:52:37 UTC] Shortcode was called with attributes: Array
(
    [id] => 18
    [name] => Contact form html test 11
)

[09-Dec-2024 06:52:49 UTC] Shortcode registered.
[09-Dec-2024 06:52:49 UTC] Shortcode was called with attributes: Array
(
    [id] => 18
    [name] => Contact form html test 11
)

[09-Dec-2024 06:53:08 UTC] Shortcode registered.
[09-Dec-2024 06:53:08 UTC] Shortcode was called with attributes: Array
(
    [id] => 18
    [name] => Contact form html test 11
)

[09-Dec-2024 06:53:31 UTC] Shortcode registered.
[09-Dec-2024 06:53:31 UTC] PHP Notice:  unserialize(): Error at offset 0 of 42 bytes in /var/www/html/wordpress-site/wp-content/plugins/dash-datamanage/public/class-dash-datamanage-public.php on line 127
[09-Dec-2024 06:54:11 UTC] Shortcode registered.
[09-Dec-2024 06:55:44 UTC] Shortcode registered.
[09-Dec-2024 06:55:44 UTC] Shortcode was called with attributes: Array
(
    [id] => 18
    [name] => Contact form html test 11
)

[09-Dec-2024 06:58:05 UTC] Shortcode registered.
[09-Dec-2024 06:58:05 UTC] Shortcode was called with attributes: Array
(
    [id] => 18
    [name] => Contact form html test 11
)

[09-Dec-2024 06:58:11 UTC] Shortcode registered.
[09-Dec-2024 06:58:11 UTC] Shortcode was called with attributes: Array
(
    [id] => 18
    [name] => Contact form html test 11
)

[09-Dec-2024 07:01:56 UTC] Shortcode registered.
[09-Dec-2024 07:01:56 UTC] Shortcode was called with attributes: Array
(
    [id] => 18
    [name] => Contact form html test 11
)

[09-Dec-2024 07:02:35 UTC] Shortcode registered.
[09-Dec-2024 07:02:35 UTC] PHP Notice:  Undefined index: form_data in /var/www/html/wordpress-site/wp-content/plugins/dash-datamanage/public/class-dash-datamanage-public.php on line 126
[09-Dec-2024 07:27:43 UTC] Shortcode registered.
[09-Dec-2024 07:27:43 UTC] Shortcode was called with attributes: Array
(
    [id] => 18
    [name] => Contact form html test 11
)

[09-Dec-2024 07:27:50 UTC] Shortcode registered.
[09-Dec-2024 07:27:50 UTC] PHP Notice:  Undefined index: form_data in /var/www/html/wordpress-site/wp-content/plugins/dash-datamanage/public/class-dash-datamanage-public.php on line 126
[09-Dec-2024 07:31:41 UTC] Shortcode registered.
[09-Dec-2024 07:31:41 UTC] Shortcode registered.
[09-Dec-2024 07:31:41 UTC] Shortcode was called with attributes: Array
(
    [id] => 18
    [name] => Contact form html test 11
)

[09-Dec-2024 07:31:58 UTC] Shortcode registered.
[09-Dec-2024 07:32:37 UTC] Shortcode registered.
[09-Dec-2024 07:33:38 UTC] Shortcode registered.
[09-Dec-2024 07:35:39 UTC] Shortcode registered.
[09-Dec-2024 07:37:40 UTC] Shortcode registered.
[09-Dec-2024 07:39:41 UTC] Shortcode registered.
[09-Dec-2024 07:41:42 UTC] Shortcode registered.
[09-Dec-2024 10:59:01 UTC] Shortcode registered.
[09-Dec-2024 10:59:01 UTC] Shortcode registered.
[09-Dec-2024 10:59:01 UTC] Shortcode registered.
[09-Dec-2024 10:59:02 UTC] Shortcode registered.
[09-Dec-2024 10:59:02 UTC] Shortcode was called with attributes: Array
(
    [id] => 18
    [name] => Contact form html test 11
)

[09-Dec-2024 10:59:13 UTC] Shortcode registered.
[09-Dec-2024 10:59:14 UTC] Shortcode registered.
[09-Dec-2024 10:59:14 UTC] PHP Warning:  call_user_func_array() expects parameter 1 to be a valid callback, class 'Dash_Datamanage_Public' does not have a method 'plugin_admin_menu' in /var/www/html/wordpress-site/wp-includes/class-wp-hook.php on line 324
[09-Dec-2024 11:00:14 UTC] Shortcode registered.
[09-Dec-2024 11:02:15 UTC] Shortcode registered.
[09-Dec-2024 11:04:16 UTC] Shortcode registered.
[09-Dec-2024 11:06:17 UTC] Shortcode registered.
[09-Dec-2024 11:08:18 UTC] Shortcode registered.
[10-Dec-2024 07:58:52 UTC] Shortcode registered.
[10-Dec-2024 07:58:52 UTC] Shortcode registered.
[10-Dec-2024 07:58:53 UTC] Shortcode registered.
[10-Dec-2024 07:58:53 UTC] Automatic updates starting...
[10-Dec-2024 07:58:54 UTC]   Automatic plugin updates starting...
[10-Dec-2024 07:58:54 UTC]   Automatic plugin updates complete.
[10-Dec-2024 07:58:54 UTC] Automatic updates complete.
[10-Dec-2024 07:59:48 UTC] Shortcode registered.
[10-Dec-2024 07:59:48 UTC] Shortcode registered.
[10-Dec-2024 07:59:48 UTC] PHP Warning:  call_user_func_array() expects parameter 1 to be a valid callback, class 'Dash_Datamanage_Public' does not have a method 'plugin_admin_menu' in /var/www/html/wordpress-site/wp-includes/class-wp-hook.php on line 324
[10-Dec-2024 07:59:48 UTC] PHP Notice:  Undefined variable: form_id in /var/www/html/wordpress-site/wp-content/plugins/dash-datamanage/admin/plugin_templates/add-new-form.php on line 225
[10-Dec-2024 08:00:16 UTC] Shortcode registered.
[10-Dec-2024 08:00:16 UTC] PHP Warning:  call_user_func_array() expects parameter 1 to be a valid callback, class 'Dash_Datamanage_Public' does not have a method 'plugin_admin_menu' in /var/www/html/wordpress-site/wp-includes/class-wp-hook.php on line 324
[10-Dec-2024 08:00:49 UTC] Shortcode registered.
[10-Dec-2024 08:01:16 UTC] Shortcode registered.
[10-Dec-2024 08:02:50 UTC] Shortcode registered.
[10-Dec-2024 08:03:16 UTC] Shortcode registered.
[10-Dec-2024 08:04:50 UTC] Shortcode registered.
[10-Dec-2024 08:05:16 UTC] Shortcode registered.
[10-Dec-2024 08:06:16 UTC] Shortcode registered.
[10-Dec-2024 08:06:18 UTC] Shortcode registered.
[10-Dec-2024 08:06:18 UTC] PHP Warning:  call_user_func_array() expects parameter 1 to be a valid callback, class 'Dash_Datamanage_Public' does not have a method 'plugin_admin_menu' in /var/www/html/wordpress-site/wp-includes/class-wp-hook.php on line 324
[10-Dec-2024 08:06:20 UTC] Shortcode registered.
[10-Dec-2024 08:06:20 UTC] PHP Warning:  call_user_func_array() expects parameter 1 to be a valid callback, class 'Dash_Datamanage_Public' does not have a method 'plugin_admin_menu' in /var/www/html/wordpress-site/wp-includes/class-wp-hook.php on line 324
[10-Dec-2024 08:06:51 UTC] Shortcode registered.
[10-Dec-2024 08:07:18 UTC] Shortcode registered.
[10-Dec-2024 08:07:20 UTC] Shortcode registered.
[10-Dec-2024 08:07:40 UTC] Shortcode registered.
[10-Dec-2024 08:07:40 UTC] PHP Warning:  call_user_func_array() expects parameter 1 to be a valid callback, class 'Dash_Datamanage_Public' does not have a method 'plugin_admin_menu' in /var/www/html/wordpress-site/wp-includes/class-wp-hook.php on line 324
[10-Dec-2024 08:07:42 UTC] Shortcode registered.
[10-Dec-2024 08:07:42 UTC] PHP Warning:  call_user_func_array() expects parameter 1 to be a valid callback, class 'Dash_Datamanage_Public' does not have a method 'plugin_admin_menu' in /var/www/html/wordpress-site/wp-includes/class-wp-hook.php on line 324
[10-Dec-2024 08:08:04 UTC] Shortcode registered.
[10-Dec-2024 08:08:04 UTC] PHP Warning:  call_user_func_array() expects parameter 1 to be a valid callback, class 'Dash_Datamanage_Public' does not have a method 'plugin_admin_menu' in /var/www/html/wordpress-site/wp-includes/class-wp-hook.php on line 324
[10-Dec-2024 08:08:06 UTC] Shortcode registered.
[10-Dec-2024 08:08:06 UTC] PHP Warning:  call_user_func_array() expects parameter 1 to be a valid callback, class 'Dash_Datamanage_Public' does not have a method 'plugin_admin_menu' in /var/www/html/wordpress-site/wp-includes/class-wp-hook.php on line 324
[10-Dec-2024 08:08:20 UTC] Shortcode registered.
[10-Dec-2024 08:08:26 UTC] Shortcode registered.
[10-Dec-2024 08:08:26 UTC] PHP Warning:  call_user_func_array() expects parameter 1 to be a valid callback, class 'Dash_Datamanage_Public' does not have a method 'plugin_admin_menu' in /var/www/html/wordpress-site/wp-includes/class-wp-hook.php on line 324
[10-Dec-2024 08:08:29 UTC] Shortcode registered.
[10-Dec-2024 08:08:29 UTC] PHP Warning:  call_user_func_array() expects parameter 1 to be a valid callback, class 'Dash_Datamanage_Public' does not have a method 'plugin_admin_menu' in /var/www/html/wordpress-site/wp-includes/class-wp-hook.php on line 324
[10-Dec-2024 08:08:52 UTC] Shortcode registered.
[10-Dec-2024 08:10:20 UTC] Shortcode registered.
[10-Dec-2024 08:12:20 UTC] Shortcode registered.
[10-Dec-2024 08:14:20 UTC] Shortcode registered.
[10-Dec-2024 08:15:32 UTC] Shortcode registered.
[10-Dec-2024 08:15:36 UTC] Shortcode registered.
[10-Dec-2024 08:15:36 UTC] PHP Warning:  call_user_func_array() expects parameter 1 to be a valid callback, class 'Dash_Datamanage_Public' does not have a method 'plugin_admin_menu' in /var/www/html/wordpress-site/wp-includes/class-wp-hook.php on line 324
[10-Dec-2024 08:15:37 UTC] Shortcode registered.
[10-Dec-2024 08:15:37 UTC] PHP Warning:  call_user_func_array() expects parameter 1 to be a valid callback, class 'Dash_Datamanage_Public' does not have a method 'plugin_admin_menu' in /var/www/html/wordpress-site/wp-includes/class-wp-hook.php on line 324
[10-Dec-2024 08:15:40 UTC] Shortcode registered.
[10-Dec-2024 08:15:40 UTC] PHP Warning:  call_user_func_array() expects parameter 1 to be a valid callback, class 'Dash_Datamanage_Public' does not have a method 'plugin_admin_menu' in /var/www/html/wordpress-site/wp-includes/class-wp-hook.php on line 324
[10-Dec-2024 08:16:04 UTC] Shortcode registered.
[10-Dec-2024 08:16:04 UTC] PHP Warning:  call_user_func_array() expects parameter 1 to be a valid callback, class 'Dash_Datamanage_Public' does not have a method 'plugin_admin_menu' in /var/www/html/wordpress-site/wp-includes/class-wp-hook.php on line 324
[10-Dec-2024 08:16:05 UTC] Shortcode registered.
[10-Dec-2024 08:16:05 UTC] PHP Warning:  call_user_func_array() expects parameter 1 to be a valid callback, class 'Dash_Datamanage_Public' does not have a method 'plugin_admin_menu' in /var/www/html/wordpress-site/wp-includes/class-wp-hook.php on line 324
[10-Dec-2024 08:16:07 UTC] Shortcode registered.
[10-Dec-2024 08:16:07 UTC] PHP Warning:  call_user_func_array() expects parameter 1 to be a valid callback, class 'Dash_Datamanage_Public' does not have a method 'plugin_admin_menu' in /var/www/html/wordpress-site/wp-includes/class-wp-hook.php on line 324
[10-Dec-2024 08:16:33 UTC] Shortcode registered.
[10-Dec-2024 08:16:43 UTC] Shortcode registered.
[10-Dec-2024 08:16:43 UTC] PHP Warning:  call_user_func_array() expects parameter 1 to be a valid callback, class 'Dash_Datamanage_Public' does not have a method 'plugin_admin_menu' in /var/www/html/wordpress-site/wp-includes/class-wp-hook.php on line 324
[10-Dec-2024 08:16:45 UTC] Shortcode registered.
[10-Dec-2024 08:16:45 UTC] PHP Warning:  call_user_func_array() expects parameter 1 to be a valid callback, class 'Dash_Datamanage_Public' does not have a method 'plugin_admin_menu' in /var/www/html/wordpress-site/wp-includes/class-wp-hook.php on line 324
[10-Dec-2024 08:16:57 UTC] Shortcode registered.
[10-Dec-2024 08:16:57 UTC] PHP Warning:  call_user_func_array() expects parameter 1 to be a valid callback, class 'Dash_Datamanage_Public' does not have a method 'plugin_admin_menu' in /var/www/html/wordpress-site/wp-includes/class-wp-hook.php on line 324
[10-Dec-2024 08:17:57 UTC] Shortcode registered.
[10-Dec-2024 08:18:33 UTC] Shortcode registered.
[10-Dec-2024 08:19:57 UTC] Shortcode registered.
[10-Dec-2024 08:20:34 UTC] Shortcode registered.
[10-Dec-2024 08:21:57 UTC] Shortcode registered.
[10-Dec-2024 08:22:35 UTC] Shortcode registered.
[10-Dec-2024 08:23:57 UTC] Shortcode registered.
[10-Dec-2024 08:24:36 UTC] Shortcode registered.
[10-Dec-2024 08:25:57 UTC] Shortcode registered.
[10-Dec-2024 08:27:57 UTC] Shortcode registered.
[10-Dec-2024 08:29:57 UTC] Shortcode registered.
[10-Dec-2024 08:31:57 UTC] Shortcode registered.
[10-Dec-2024 08:31:57 UTC] Shortcode registered.
[10-Dec-2024 08:33:57 UTC] Shortcode registered.
[10-Dec-2024 08:35:57 UTC] Shortcode registered.
[10-Dec-2024 08:37:57 UTC] Shortcode registered.
[10-Dec-2024 08:39:57 UTC] Shortcode registered.
[10-Dec-2024 08:41:57 UTC] Shortcode registered.
[10-Dec-2024 08:43:57 UTC] Shortcode registered.
[10-Dec-2024 08:45:57 UTC] Shortcode registered.
[10-Dec-2024 08:47:57 UTC] Shortcode registered.
[10-Dec-2024 08:49:57 UTC] Shortcode registered.
[10-Dec-2024 08:51:57 UTC] Shortcode registered.
[10-Dec-2024 08:53:57 UTC] Shortcode registered.
[10-Dec-2024 08:55:57 UTC] Shortcode registered.
[10-Dec-2024 08:57:57 UTC] Shortcode registered.
[10-Dec-2024 08:59:57 UTC] Shortcode registered.
[10-Dec-2024 09:01:57 UTC] Shortcode registered.
[10-Dec-2024 09:03:57 UTC] Shortcode registered.
[10-Dec-2024 09:05:57 UTC] Shortcode registered.
[10-Dec-2024 09:07:57 UTC] Shortcode registered.
[10-Dec-2024 09:09:57 UTC] Shortcode registered.
[10-Dec-2024 09:11:57 UTC] Shortcode registered.
[10-Dec-2024 09:13:57 UTC] Shortcode registered.
[10-Dec-2024 09:15:57 UTC] Shortcode registered.
[10-Dec-2024 09:17:57 UTC] Shortcode registered.
[10-Dec-2024 09:19:57 UTC] Shortcode registered.
[10-Dec-2024 09:21:57 UTC] Shortcode registered.
[10-Dec-2024 09:23:57 UTC] Shortcode registered.
[10-Dec-2024 09:25:57 UTC] Shortcode registered.
[10-Dec-2024 09:27:57 UTC] Shortcode registered.
[10-Dec-2024 09:29:57 UTC] Shortcode registered.
[10-Dec-2024 09:31:31 UTC] Shortcode registered.
[10-Dec-2024 09:31:31 UTC] Shortcode registered.
[10-Dec-2024 09:32:32 UTC] Shortcode registered.
[10-Dec-2024 09:34:32 UTC] Shortcode registered.
[10-Dec-2024 09:36:32 UTC] Shortcode registered.
[10-Dec-2024 09:38:33 UTC] Shortcode registered.
[10-Dec-2024 09:40:34 UTC] Shortcode registered.
[10-Dec-2024 10:14:53 UTC] Shortcode registered.
[10-Dec-2024 10:14:54 UTC] Shortcode registered.
[10-Dec-2024 10:14:56 UTC] Shortcode registered.
[10-Dec-2024 10:14:56 UTC] PHP Warning:  call_user_func_array() expects parameter 1 to be a valid callback, class 'Dash_Datamanage_Public' does not have a method 'plugin_admin_menu' in /var/www/html/wordpress-site/wp-includes/class-wp-hook.php on line 324
[10-Dec-2024 10:14:58 UTC] Shortcode registered.
[10-Dec-2024 10:14:58 UTC] PHP Warning:  call_user_func_array() expects parameter 1 to be a valid callback, class 'Dash_Datamanage_Public' does not have a method 'plugin_admin_menu' in /var/www/html/wordpress-site/wp-includes/class-wp-hook.php on line 324
[10-Dec-2024 10:15:04 UTC] Shortcode registered.
[10-Dec-2024 10:15:07 UTC] Shortcode registered.
[10-Dec-2024 10:15:10 UTC] Shortcode registered.
[10-Dec-2024 10:15:13 UTC] Shortcode registered.
[10-Dec-2024 10:15:13 UTC] PHP Warning:  call_user_func_array() expects parameter 1 to be a valid callback, class 'Dash_Datamanage_Public' does not have a method 'plugin_admin_menu' in /var/www/html/wordpress-site/wp-includes/class-wp-hook.php on line 324
[10-Dec-2024 10:15:15 UTC] Shortcode registered.
[10-Dec-2024 10:15:15 UTC] PHP Warning:  call_user_func_array() expects parameter 1 to be a valid callback, class 'Dash_Datamanage_Public' does not have a method 'plugin_admin_menu' in /var/www/html/wordpress-site/wp-includes/class-wp-hook.php on line 324
[10-Dec-2024 10:15:15 UTC] PHP Notice:  Undefined variable: form_id in /var/www/html/wordpress-site/wp-content/plugins/dash-datamanage/admin/plugin_templates/add-new-form.php on line 226
[10-Dec-2024 10:15:19 UTC] Shortcode registered.
[10-Dec-2024 10:15:19 UTC] PHP Warning:  call_user_func_array() expects parameter 1 to be a valid callback, class 'Dash_Datamanage_Public' does not have a method 'plugin_admin_menu' in /var/www/html/wordpress-site/wp-includes/class-wp-hook.php on line 324
[10-Dec-2024 10:15:19 UTC] PHP Notice:  Undefined variable: form_id in /var/www/html/wordpress-site/wp-content/plugins/dash-datamanage/admin/plugin_templates/add-new-form.php on line 226
[10-Dec-2024 10:15:34 UTC] Shortcode registered.
[10-Dec-2024 10:15:34 UTC] PHP Warning:  call_user_func_array() expects parameter 1 to be a valid callback, class 'Dash_Datamanage_Public' does not have a method 'plugin_admin_menu' in /var/www/html/wordpress-site/wp-includes/class-wp-hook.php on line 324
[10-Dec-2024 10:15:34 UTC] PHP Notice:  Undefined variable: form_id in /var/www/html/wordpress-site/wp-content/plugins/dash-datamanage/admin/plugin_templates/add-new-form.php on line 226
[10-Dec-2024 10:16:20 UTC] Shortcode registered.
[10-Dec-2024 10:16:20 UTC] PHP Warning:  call_user_func_array() expects parameter 1 to be a valid callback, class 'Dash_Datamanage_Public' does not have a method 'plugin_admin_menu' in /var/www/html/wordpress-site/wp-includes/class-wp-hook.php on line 324
[10-Dec-2024 10:16:20 UTC] PHP Notice:  Undefined variable: form_id in /var/www/html/wordpress-site/wp-content/plugins/dash-datamanage/admin/plugin_templates/add-new-form.php on line 226
[10-Dec-2024 10:16:26 UTC] Shortcode registered.
[10-Dec-2024 10:16:26 UTC] PHP Warning:  call_user_func_array() expects parameter 1 to be a valid callback, class 'Dash_Datamanage_Public' does not have a method 'plugin_admin_menu' in /var/www/html/wordpress-site/wp-includes/class-wp-hook.php on line 324
[10-Dec-2024 10:16:26 UTC] PHP Notice:  Undefined variable: form_id in /var/www/html/wordpress-site/wp-content/plugins/dash-datamanage/admin/plugin_templates/add-new-form.php on line 226
[10-Dec-2024 10:16:54 UTC] Shortcode registered.
[10-Dec-2024 10:17:26 UTC] Shortcode registered.
[10-Dec-2024 10:18:54 UTC] Shortcode registered.
[10-Dec-2024 10:19:26 UTC] Shortcode registered.
[10-Dec-2024 10:20:54 UTC] Shortcode registered.
[10-Dec-2024 10:21:26 UTC] Shortcode registered.
[10-Dec-2024 10:22:54 UTC] Shortcode registered.
[10-Dec-2024 10:23:26 UTC] Shortcode registered.
[10-Dec-2024 10:24:55 UTC] Shortcode registered.
[10-Dec-2024 10:25:21 UTC] Shortcode registered.
[10-Dec-2024 10:25:34 UTC] Shortcode registered.
[10-Dec-2024 10:25:34 UTC] PHP Warning:  call_user_func_array() expects parameter 1 to be a valid callback, class 'Dash_Datamanage_Public' does not have a method 'plugin_admin_menu' in /var/www/html/wordpress-site/wp-includes/class-wp-hook.php on line 324
[10-Dec-2024 10:26:21 UTC] Shortcode registered.
[10-Dec-2024 10:26:35 UTC] Shortcode registered.
[10-Dec-2024 10:27:21 UTC] Shortcode registered.
[10-Dec-2024 10:27:32 UTC] Shortcode registered.
[10-Dec-2024 10:27:32 UTC] PHP Warning:  call_user_func_array() expects parameter 1 to be a valid callback, class 'Dash_Datamanage_Public' does not have a method 'plugin_admin_menu' in /var/www/html/wordpress-site/wp-includes/class-wp-hook.php on line 324
[10-Dec-2024 10:27:32 UTC] PHP Notice:  Undefined variable: form_id in /var/www/html/wordpress-site/wp-content/plugins/dash-datamanage/admin/plugin_templates/add-new-form.php on line 226
[10-Dec-2024 10:28:31 UTC] Shortcode registered.
[10-Dec-2024 10:28:32 UTC] Shortcode registered.
[10-Dec-2024 10:28:32 UTC] Shortcode registered.
[10-Dec-2024 10:28:33 UTC] PHP Warning:  call_user_func_array() expects parameter 1 to be a valid callback, class 'Dash_Datamanage_Public' does not have a method 'plugin_admin_menu' in /var/www/html/wordpress-site/wp-includes/class-wp-hook.php on line 324
[10-Dec-2024 10:28:36 UTC] Shortcode registered.
[10-Dec-2024 10:29:17 UTC] Shortcode registered.
[10-Dec-2024 10:29:17 UTC] Shortcode was called with attributes: Array
(
    [id] => 18
    [name] => Contact form html test 11
)

[10-Dec-2024 10:29:34 UTC] Shortcode registered.
[10-Dec-2024 10:29:39 UTC] Shortcode registered.
[10-Dec-2024 10:29:39 UTC] PHP Warning:  call_user_func_array() expects parameter 1 to be a valid callback, class 'Dash_Datamanage_Public' does not have a method 'plugin_admin_menu' in /var/www/html/wordpress-site/wp-includes/class-wp-hook.php on line 324
[10-Dec-2024 10:29:41 UTC] Shortcode registered.
[10-Dec-2024 10:29:41 UTC] Shortcode was called with attributes: Array
(
    [id] => 21
    [name] => New Html Form 2
)

[10-Dec-2024 10:29:42 UTC] Shortcode registered.
[10-Dec-2024 10:29:42 UTC] Shortcode was called with attributes: Array
(
    [id] => 21
    [name] => New Html Form 2
)

[10-Dec-2024 10:30:37 UTC] Shortcode registered.
[10-Dec-2024 10:30:37 UTC] Shortcode registered.
[10-Dec-2024 10:30:56 UTC] Shortcode registered.
[10-Dec-2024 10:31:56 UTC] Shortcode registered.
[10-Dec-2024 10:33:15 UTC] Shortcode registered.
[10-Dec-2024 10:33:16 UTC] Shortcode registered.
[10-Dec-2024 10:33:16 UTC] Shortcode was called with attributes: Array
(
    [id] => 21
    [name] => New Html Form 2
)

[10-Dec-2024 10:33:25 UTC] Shortcode registered.
[10-Dec-2024 10:34:15 UTC] Shortcode registered.
[10-Dec-2024 10:34:25 UTC] Shortcode registered.
[10-Dec-2024 10:36:15 UTC] Shortcode registered.
[10-Dec-2024 10:36:25 UTC] Shortcode registered.
[10-Dec-2024 10:38:16 UTC] Shortcode registered.
[10-Dec-2024 10:38:25 UTC] Shortcode registered.
[10-Dec-2024 10:40:16 UTC] Shortcode registered.
[10-Dec-2024 10:40:25 UTC] Shortcode registered.
[10-Dec-2024 10:42:17 UTC] Shortcode registered.
[10-Dec-2024 10:42:25 UTC] Shortcode registered.
[10-Dec-2024 11:01:19 UTC] Shortcode registered.
[10-Dec-2024 11:02:19 UTC] Shortcode registered.
[10-Dec-2024 11:04:19 UTC] Shortcode registered.
[10-Dec-2024 11:06:20 UTC] Shortcode registered.
[10-Dec-2024 11:06:37 UTC] Shortcode registered.
[10-Dec-2024 11:06:39 UTC] Shortcode registered.
[10-Dec-2024 11:06:40 UTC] Shortcode registered.
[10-Dec-2024 11:06:40 UTC] PHP Warning:  call_user_func_array() expects parameter 1 to be a valid callback, class 'Dash_Datamanage_Public' does not have a method 'plugin_admin_menu' in /var/www/html/wordpress-site/wp-includes/class-wp-hook.php on line 324
[10-Dec-2024 11:06:42 UTC] Shortcode registered.
[10-Dec-2024 11:06:42 UTC] PHP Warning:  call_user_func_array() expects parameter 1 to be a valid callback, class 'Dash_Datamanage_Public' does not have a method 'plugin_admin_menu' in /var/www/html/wordpress-site/wp-includes/class-wp-hook.php on line 324
[10-Dec-2024 11:07:39 UTC] Shortcode registered.
[10-Dec-2024 11:07:41 UTC] Shortcode registered.
[10-Dec-2024 11:07:42 UTC] Shortcode registered.
[10-Dec-2024 11:08:42 UTC] Shortcode registered.
[10-Dec-2024 11:09:39 UTC] Shortcode registered.
[10-Dec-2024 11:09:42 UTC] Shortcode registered.
[10-Dec-2024 11:09:42 UTC] Shortcode registered.
[10-Dec-2024 11:09:59 UTC] Shortcode registered.
[10-Dec-2024 11:09:59 UTC] PHP Warning:  call_user_func_array() expects parameter 1 to be a valid callback, class 'Dash_Datamanage_Public' does not have a method 'plugin_admin_menu' in /var/www/html/wordpress-site/wp-includes/class-wp-hook.php on line 324
[10-Dec-2024 11:10:59 UTC] Shortcode registered.
[10-Dec-2024 11:11:40 UTC] Shortcode registered.
[10-Dec-2024 11:11:43 UTC] Shortcode registered.
[10-Dec-2024 11:11:59 UTC] Shortcode registered.
[10-Dec-2024 11:13:40 UTC] Shortcode registered.
[10-Dec-2024 11:13:44 UTC] Shortcode registered.
[10-Dec-2024 11:14:00 UTC] Shortcode registered.
[10-Dec-2024 11:15:40 UTC] Shortcode registered.
[10-Dec-2024 11:15:45 UTC] Shortcode registered.
[10-Dec-2024 11:16:00 UTC] Shortcode registered.
[10-Dec-2024 11:17:45 UTC] Shortcode registered.
[10-Dec-2024 11:18:00 UTC] Shortcode registered.
[10-Dec-2024 11:19:46 UTC] Shortcode registered.
[10-Dec-2024 11:20:00 UTC] Shortcode registered.
[10-Dec-2024 11:21:46 UTC] Shortcode registered.
[10-Dec-2024 11:23:46 UTC] Shortcode registered.
[10-Dec-2024 11:25:46 UTC] Shortcode registered.
[10-Dec-2024 11:27:46 UTC] Shortcode registered.
[10-Dec-2024 11:29:47 UTC] Shortcode registered.
[10-Dec-2024 11:31:47 UTC] Shortcode registered.
[10-Dec-2024 11:31:47 UTC] Shortcode registered.
[10-Dec-2024 11:33:48 UTC] Shortcode registered.
[10-Dec-2024 11:35:49 UTC] Shortcode registered.
[10-Dec-2024 11:37:50 UTC] Shortcode registered.
[10-Dec-2024 11:39:50 UTC] Shortcode registered.
[10-Dec-2024 11:41:51 UTC] Shortcode registered.
[10-Dec-2024 11:43:52 UTC] Shortcode registered.
[10-Dec-2024 11:45:52 UTC] Shortcode registered.
[10-Dec-2024 11:47:53 UTC] Shortcode registered.
[10-Dec-2024 11:49:54 UTC] Shortcode registered.
[10-Dec-2024 11:51:54 UTC] Shortcode registered.
[10-Dec-2024 11:53:54 UTC] Shortcode registered.
[10-Dec-2024 11:55:54 UTC] Shortcode registered.
[10-Dec-2024 11:57:54 UTC] Shortcode registered.
[10-Dec-2024 11:59:55 UTC] Shortcode registered.
[10-Dec-2024 12:01:56 UTC] Shortcode registered.
[10-Dec-2024 12:03:57 UTC] Shortcode registered.
[10-Dec-2024 12:05:58 UTC] Shortcode registered.
[10-Dec-2024 12:07:59 UTC] Shortcode registered.
[10-Dec-2024 12:10:00 UTC] Shortcode registered.
[10-Dec-2024 12:12:01 UTC] Shortcode registered.
[10-Dec-2024 12:14:02 UTC] Shortcode registered.
[10-Dec-2024 12:16:02 UTC] Shortcode registered.
[10-Dec-2024 12:18:02 UTC] Shortcode registered.
[10-Dec-2024 12:20:03 UTC] Shortcode registered.
[10-Dec-2024 12:22:03 UTC] Shortcode registered.
[10-Dec-2024 12:24:03 UTC] Shortcode registered.
[10-Dec-2024 12:26:04 UTC] Shortcode registered.
[10-Dec-2024 12:28:05 UTC] Shortcode registered.
[10-Dec-2024 12:30:05 UTC] Shortcode registered.
[10-Dec-2024 12:32:06 UTC] Shortcode registered.
[10-Dec-2024 12:32:06 UTC] Shortcode registered.
[10-Dec-2024 12:32:07 UTC] Automatic updates starting...
[10-Dec-2024 12:32:08 UTC]   Automatic plugin updates starting...
[10-Dec-2024 12:32:08 UTC]   Automatic plugin updates complete.
[10-Dec-2024 12:32:09 UTC] Automatic updates complete.
[10-Dec-2024 12:34:06 UTC] Shortcode registered.
[10-Dec-2024 12:36:07 UTC] Shortcode registered.
[10-Dec-2024 12:38:07 UTC] Shortcode registered.
[10-Dec-2024 12:40:08 UTC] Shortcode registered.
[10-Dec-2024 12:42:09 UTC] Shortcode registered.
[10-Dec-2024 12:42:09 UTC] Shortcode registered.
[10-Dec-2024 12:42:11 UTC] Shortcode registered.
[10-Dec-2024 12:43:09 UTC] Shortcode registered.
[10-Dec-2024 12:43:11 UTC] Shortcode registered.
[10-Dec-2024 12:44:10 UTC] Shortcode registered.
[10-Dec-2024 12:44:48 UTC] Shortcode registered.
[10-Dec-2024 12:45:10 UTC] Shortcode registered.
[10-Dec-2024 12:45:49 UTC] Shortcode registered.
[10-Dec-2024 12:46:10 UTC] Shortcode registered.
[10-Dec-2024 12:47:11 UTC] Shortcode registered.
[10-Dec-2024 12:47:50 UTC] Shortcode registered.
[10-Dec-2024 12:48:11 UTC] Shortcode registered.
[10-Dec-2024 12:49:12 UTC] Shortcode registered.
[10-Dec-2024 12:49:50 UTC] Shortcode registered.
[10-Dec-2024 12:50:11 UTC] Shortcode registered.
[10-Dec-2024 12:51:12 UTC] Shortcode registered.
[10-Dec-2024 12:51:50 UTC] Shortcode registered.
[10-Dec-2024 12:52:11 UTC] Shortcode registered.
[10-Dec-2024 12:53:50 UTC] Shortcode registered.
[10-Dec-2024 12:54:12 UTC] Shortcode registered.
[10-Dec-2024 12:56:12 UTC] Shortcode registered.
[10-Dec-2024 12:58:13 UTC] Shortcode registered.
[10-Dec-2024 13:00:13 UTC] Shortcode registered.
[10-Dec-2024 13:02:13 UTC] Shortcode registered.
[10-Dec-2024 13:02:13 UTC] Shortcode registered.
[10-Dec-2024 13:04:13 UTC] Shortcode registered.
[10-Dec-2024 13:06:13 UTC] Shortcode registered.
[10-Dec-2024 13:08:14 UTC] Shortcode registered.
[10-Dec-2024 13:10:15 UTC] Shortcode registered.
[10-Dec-2024 13:12:16 UTC] Shortcode registered.
[10-Dec-2024 13:14:17 UTC] Shortcode registered.
[10-Dec-2024 13:16:17 UTC] Shortcode registered.
[10-Dec-2024 13:18:18 UTC] Shortcode registered.
[10-Dec-2024 13:20:18 UTC] Shortcode registered.
[10-Dec-2024 13:22:18 UTC] Shortcode registered.
[10-Dec-2024 13:24:18 UTC] Shortcode registered.
[10-Dec-2024 13:26:19 UTC] Shortcode registered.
[10-Dec-2024 13:28:20 UTC] Shortcode registered.
[10-Dec-2024 13:30:20 UTC] Shortcode registered.
[10-Dec-2024 13:32:21 UTC] Shortcode registered.
[10-Dec-2024 13:32:21 UTC] Shortcode registered.
[10-Dec-2024 13:34:21 UTC] Shortcode registered.
[10-Dec-2024 13:36:21 UTC] Shortcode registered.
[10-Dec-2024 13:38:21 UTC] Shortcode registered.
[10-Dec-2024 13:40:22 UTC] Shortcode registered.
[10-Dec-2024 13:42:22 UTC] Shortcode registered.
[10-Dec-2024 13:44:22 UTC] Shortcode registered.
[10-Dec-2024 13:46:22 UTC] Shortcode registered.
[10-Dec-2024 13:48:23 UTC] Shortcode registered.
[10-Dec-2024 13:50:24 UTC] Shortcode registered.
[10-Dec-2024 13:52:25 UTC] Shortcode registered.
[10-Dec-2024 13:54:26 UTC] Shortcode registered.
[10-Dec-2024 13:56:27 UTC] Shortcode registered.
[10-Dec-2024 13:58:27 UTC] Shortcode registered.
[10-Dec-2024 14:00:28 UTC] Shortcode registered.
[11-Dec-2024 05:17:41 UTC] Shortcode registered.
[11-Dec-2024 05:17:41 UTC] Shortcode registered.
[11-Dec-2024 05:17:42 UTC] Shortcode registered.
[11-Dec-2024 05:17:42 UTC] Automatic updates starting...
[11-Dec-2024 05:17:43 UTC]   Automatic plugin updates starting...
[11-Dec-2024 05:17:43 UTC]   Automatic plugin updates complete.
[11-Dec-2024 05:17:44 UTC] Automatic updates complete.
[11-Dec-2024 05:17:48 UTC] Shortcode registered.
[11-Dec-2024 05:17:54 UTC] Shortcode registered.
[11-Dec-2024 05:17:54 UTC] Shortcode registered.
[11-Dec-2024 05:17:54 UTC] PHP Warning:  call_user_func_array() expects parameter 1 to be a valid callback, class 'Dash_Datamanage_Public' does not have a method 'plugin_admin_menu' in /var/www/html/wordpress-site/wp-includes/class-wp-hook.php on line 324
[11-Dec-2024 05:17:54 UTC] PHP Notice:  Undefined variable: form_id in /var/www/html/wordpress-site/wp-content/plugins/dash-datamanage/admin/plugin_templates/add-new-form.php on line 226
[11-Dec-2024 05:17:59 UTC] Shortcode registered.
[11-Dec-2024 05:17:59 UTC] PHP Warning:  call_user_func_array() expects parameter 1 to be a valid callback, class 'Dash_Datamanage_Public' does not have a method 'plugin_admin_menu' in /var/www/html/wordpress-site/wp-includes/class-wp-hook.php on line 324
[11-Dec-2024 05:18:59 UTC] Shortcode registered.
[11-Dec-2024 05:20:59 UTC] Shortcode registered.
[11-Dec-2024 05:22:59 UTC] Shortcode registered.
[11-Dec-2024 05:23:59 UTC] Shortcode registered.
[11-Dec-2024 05:25:59 UTC] Shortcode registered.
[11-Dec-2024 05:27:59 UTC] Shortcode registered.
[11-Dec-2024 05:29:59 UTC] Shortcode registered.
[11-Dec-2024 05:30:59 UTC] Shortcode registered.
[11-Dec-2024 05:30:59 UTC] Shortcode registered.
[11-Dec-2024 05:33:00 UTC] Shortcode registered.
[11-Dec-2024 05:35:01 UTC] Shortcode registered.
[11-Dec-2024 05:37:02 UTC] Shortcode registered.
